[38;5;6mzookeeper [38;5;5m02:13:22.19 [0m
[38;5;6mzookeeper [38;5;5m02:13:22.20 [0m[1mWelcome to the Bitnami zookeeper container[0m
[38;5;6mzookeeper [38;5;5m02:13:22.20 [0mSubscribe to project updates by watching [1mhttps://github.com/bitnami/containers[0m
[38;5;6mzookeeper [38;5;5m02:13:22.20 [0mSubmit issues and feature requests at [1mhttps://github.com/bitnami/containers/issues[0m
[38;5;6mzookeeper [38;5;5m02:13:22.20 [0m
[38;5;6mzookeeper [38;5;5m02:13:22.20 [0m[38;5;2mINFO [0m ==> ** Starting ZooKeeper setup **
[38;5;6mzookeeper [38;5;5m02:13:22.22 [0m[38;5;3mWARN [0m ==> You have set the environment variable ALLOW_ANONYMOUS_LOGIN=yes. For safety reasons, do not use this flag in a production environment.
[38;5;6mzookeeper [38;5;5m02:13:22.23 [0m[38;5;2mINFO [0m ==> Initializing ZooKeeper...
[38;5;6mzookeeper [38;5;5m02:13:22.23 [0m[38;5;2mINFO [0m ==> No injected configuration file found, creating default config files...
grep: /opt/bitnami/zookeeper/conf/log4j.properties: No such file or directory
[38;5;6mzookeeper [38;5;5m02:13:22.27 [0m[38;5;2mINFO [0m ==> No additional servers were specified. ZooKeeper will run in standalone mode...
[38;5;6mzookeeper [38;5;5m02:13:22.28 [0m[38;5;2mINFO [0m ==> Deploying ZooKeeper from scratch...
[38;5;6mzookeeper [38;5;5m02:13:22.28 [0m[38;5;2mINFO [0m ==> ** ZooKeeper setup finished! **

[38;5;6mzookeeper [38;5;5m02:13:22.29 [0m[38;5;2mINFO [0m ==> ** Starting ZooKeeper **
/opt/bitnami/java/bin/java
ZooKeeper JMX enabled by default
Using config: /opt/bitnami/zookeeper/bin/../conf/zoo.cfg
2024-01-18 02:13:22,713 [myid:] - INFO  [main:o.a.z.s.q.QuorumPeerConfig@177] - Reading configuration from: /opt/bitnami/zookeeper/bin/../conf/zoo.cfg
2024-01-18 02:13:22,719 [myid:] - INFO  [main:o.a.z.s.q.QuorumPeerConfig@440] - clientPortAddress is 0.0.0.0:2181
2024-01-18 02:13:22,720 [myid:] - INFO  [main:o.a.z.s.q.QuorumPeerConfig@444] - secureClientPort is not set
2024-01-18 02:13:22,720 [myid:] - INFO  [main:o.a.z.s.q.QuorumPeerConfig@460] - observerMasterPort is not set
2024-01-18 02:13:22,720 [myid:] - INFO  [main:o.a.z.s.q.QuorumPeerConfig@477] - metricsProvider.className is org.apache.zookeeper.metrics.impl.DefaultMetricsProvider
2024-01-18 02:13:22,722 [myid:1] - INFO  [main:o.a.z.s.DatadirCleanupManager@78] - autopurge.snapRetainCount set to 3
2024-01-18 02:13:22,722 [myid:1] - INFO  [main:o.a.z.s.DatadirCleanupManager@79] - autopurge.purgeInterval set to 0
2024-01-18 02:13:22,722 [myid:1] - INFO  [main:o.a.z.s.DatadirCleanupManager@101] - Purge task is not scheduled.
2024-01-18 02:13:22,722 [myid:1] - WARN  [main:o.a.z.s.q.QuorumPeerMain@139] - Either no config or no quorum defined in config, running in standalone mode
2024-01-18 02:13:22,723 [myid:1] - INFO  [main:o.a.z.j.ManagedUtil@46] - Log4j 1.2 jmx support not found; jmx disabled.
2024-01-18 02:13:22,724 [myid:1] - INFO  [main:o.a.z.s.q.QuorumPeerConfig@177] - Reading configuration from: /opt/bitnami/zookeeper/bin/../conf/zoo.cfg
2024-01-18 02:13:22,724 [myid:1] - INFO  [main:o.a.z.s.q.QuorumPeerConfig@440] - clientPortAddress is 0.0.0.0:2181
2024-01-18 02:13:22,724 [myid:1] - INFO  [main:o.a.z.s.q.QuorumPeerConfig@444] - secureClientPort is not set
2024-01-18 02:13:22,724 [myid:1] - INFO  [main:o.a.z.s.q.QuorumPeerConfig@460] - observerMasterPort is not set
2024-01-18 02:13:22,724 [myid:1] - INFO  [main:o.a.z.s.q.QuorumPeerConfig@477] - metricsProvider.className is org.apache.zookeeper.metrics.impl.DefaultMetricsProvider
2024-01-18 02:13:22,725 [myid:1] - INFO  [main:o.a.z.s.ZooKeeperServerMain@123] - Starting server
2024-01-18 02:13:22,733 [myid:1] - INFO  [main:o.a.z.s.ServerMetrics@64] - ServerMetrics initialized with provider org.apache.zookeeper.metrics.impl.DefaultMetricsProvider@23e84203
2024-01-18 02:13:22,735 [myid:1] - INFO  [main:o.a.z.s.a.DigestAuthenticationProvider@47] - ACL digest algorithm is: SHA1
2024-01-18 02:13:22,735 [myid:1] - INFO  [main:o.a.z.s.a.DigestAuthenticationProvider@61] - zookeeper.DigestAuthenticationProvider.enabled = true
2024-01-18 02:13:22,737 [myid:1] - INFO  [main:o.a.z.s.p.FileTxnSnapLog@124] - zookeeper.snapshot.trust.empty : false
2024-01-18 02:13:22,743 [myid:1] - INFO  [main:o.a.z.ZookeeperBanner@42] - 
2024-01-18 02:13:22,744 [myid:1] - INFO  [main:o.a.z.ZookeeperBanner@42] -   ______                  _                                          
2024-01-18 02:13:22,744 [myid:1] - INFO  [main:o.a.z.ZookeeperBanner@42] -  |___  /                 | |                                         
2024-01-18 02:13:22,744 [myid:1] - INFO  [main:o.a.z.ZookeeperBanner@42] -     / /    ___     ___   | | __   ___    ___   _ __     ___   _ __   
2024-01-18 02:13:22,744 [myid:1] - INFO  [main:o.a.z.ZookeeperBanner@42] -    / /    / _ \   / _ \  | |/ /  / _ \  / _ \ | '_ \   / _ \ | '__|
2024-01-18 02:13:22,744 [myid:1] - INFO  [main:o.a.z.ZookeeperBanner@42] -   / /__  | (_) | | (_) | |   <  |  __/ |  __/ | |_) | |  __/ | |    
2024-01-18 02:13:22,744 [myid:1] - INFO  [main:o.a.z.ZookeeperBanner@42] -  /_____|  \___/   \___/  |_|\_\  \___|  \___| | .__/   \___| |_|
2024-01-18 02:13:22,744 [myid:1] - INFO  [main:o.a.z.ZookeeperBanner@42] -                                               | |                     
2024-01-18 02:13:22,744 [myid:1] - INFO  [main:o.a.z.ZookeeperBanner@42] -                                               |_|                     
2024-01-18 02:13:22,744 [myid:1] - INFO  [main:o.a.z.ZookeeperBanner@42] - 
2024-01-18 02:13:22,745 [myid:1] - INFO  [main:o.a.z.Environment@98] - Server environment:zookeeper.version=3.8.0-5a02a05eddb59aee6ac762f7ea82e92a68eb9c0f, built on 2022-02-25 08:49 UTC
2024-01-18 02:13:22,745 [myid:1] - INFO  [main:o.a.z.Environment@98] - Server environment:host.name=zookeeper-server-7ff5d9c749-xfmnw
2024-01-18 02:13:22,745 [myid:1] - INFO  [main:o.a.z.Environment@98] - Server environment:java.version=11.0.15.1
2024-01-18 02:13:22,745 [myid:1] - INFO  [main:o.a.z.Environment@98] - Server environment:java.vendor=BellSoft
2024-01-18 02:13:22,745 [myid:1] - INFO  [main:o.a.z.Environment@98] - Server environment:java.home=/opt/bitnami/java
2024-01-18 02:13:22,745 [myid:1] - INFO  [main:o.a.z.Environment@98] - Server environment:java.class.path=/opt/bitnami/zookeeper/bin/../zookeeper-server/target/classes:/opt/bitnami/zookeeper/bin/../build/classes:/opt/bitnami/zookeeper/bin/../zookeeper-server/target/lib/*.jar:/opt/bitnami/zookeeper/bin/../build/lib/*.jar:/opt/bitnami/zookeeper/bin/../lib/zookeeper-prometheus-metrics-3.8.0.jar:/opt/bitnami/zookeeper/bin/../lib/zookeeper-jute-3.8.0.jar:/opt/bitnami/zookeeper/bin/../lib/zookeeper-3.8.0.jar:/opt/bitnami/zookeeper/bin/../lib/snappy-java-1.1.7.7.jar:/opt/bitnami/zookeeper/bin/../lib/slf4j-api-1.7.30.jar:/opt/bitnami/zookeeper/bin/../lib/simpleclient_servlet-0.9.0.jar:/opt/bitnami/zookeeper/bin/../lib/simpleclient_hotspot-0.9.0.jar:/opt/bitnami/zookeeper/bin/../lib/simpleclient_common-0.9.0.jar:/opt/bitnami/zookeeper/bin/../lib/simpleclient-0.9.0.jar:/opt/bitnami/zookeeper/bin/../lib/netty-transport-native-unix-common-4.1.73.Final.jar:/opt/bitnami/zookeeper/bin/../lib/netty-transport-native-epoll-4.1.73.Final.jar:/opt/bitnami/zookeeper/bin/../lib/netty-transport-classes-epoll-4.1.73.Final.jar:/opt/bitnami/zookeeper/bin/../lib/netty-transport-4.1.73.Final.jar:/opt/bitnami/zookeeper/bin/../lib/netty-tcnative-classes-2.0.48.Final.jar:/opt/bitnami/zookeeper/bin/../lib/netty-tcnative-2.0.48.Final.jar:/opt/bitnami/zookeeper/bin/../lib/netty-resolver-4.1.73.Final.jar:/opt/bitnami/zookeeper/bin/../lib/netty-handler-4.1.73.Final.jar:/opt/bitnami/zookeeper/bin/../lib/netty-common-4.1.73.Final.jar:/opt/bitnami/zookeeper/bin/../lib/netty-codec-4.1.73.Final.jar:/opt/bitnami/zookeeper/bin/../lib/netty-buffer-4.1.73.Final.jar:/opt/bitnami/zookeeper/bin/../lib/metrics-core-4.1.12.1.jar:/opt/bitnami/zookeeper/bin/../lib/logback-core-1.2.10.jar:/opt/bitnami/zookeeper/bin/../lib/logback-classic-1.2.10.jar:/opt/bitnami/zookeeper/bin/../lib/jline-2.14.6.jar:/opt/bitnami/zookeeper/bin/../lib/jetty-util-ajax-9.4.43.v20210629.jar:/opt/bitnami/zookeeper/bin/../lib/jetty-util-9.4.43.v20210629.jar:/opt/bitnami/zookeeper/bin/../lib/jetty-servlet-9.4.43.v20210629.jar:/opt/bitnami/zookeeper/bin/../lib/jetty-server-9.4.43.v20210629.jar:/opt/bitnami/zookeeper/bin/../lib/jetty-security-9.4.43.v20210629.jar:/opt/bitnami/zookeeper/bin/../lib/jetty-io-9.4.43.v20210629.jar:/opt/bitnami/zookeeper/bin/../lib/jetty-http-9.4.43.v20210629.jar:/opt/bitnami/zookeeper/bin/../lib/javax.servlet-api-3.1.0.jar:/opt/bitnami/zookeeper/bin/../lib/jackson-databind-2.13.1.jar:/opt/bitnami/zookeeper/bin/../lib/jackson-core-2.13.1.jar:/opt/bitnami/zookeeper/bin/../lib/jackson-annotations-2.13.1.jar:/opt/bitnami/zookeeper/bin/../lib/commons-io-2.11.0.jar:/opt/bitnami/zookeeper/bin/../lib/commons-cli-1.4.jar:/opt/bitnami/zookeeper/bin/../lib/audience-annotations-0.12.0.jar:/opt/bitnami/zookeeper/bin/../zookeeper-*.jar:/opt/bitnami/zookeeper/bin/../zookeeper-server/src/main/resources/lib/*.jar:/opt/bitnami/zookeeper/bin/../conf:
2024-01-18 02:13:22,745 [myid:1] - INFO  [main:o.a.z.Environment@98] - Server environment:java.library.path=/usr/java/packages/lib:/usr/lib64:/lib64:/lib:/usr/lib
2024-01-18 02:13:22,745 [myid:1] - INFO  [main:o.a.z.Environment@98] - Server environment:java.io.tmpdir=/tmp
2024-01-18 02:13:22,746 [myid:1] - INFO  [main:o.a.z.Environment@98] - Server environment:java.compiler=<NA>
2024-01-18 02:13:22,746 [myid:1] - INFO  [main:o.a.z.Environment@98] - Server environment:os.name=Linux
2024-01-18 02:13:22,746 [myid:1] - INFO  [main:o.a.z.Environment@98] - Server environment:os.arch=amd64
2024-01-18 02:13:22,746 [myid:1] - INFO  [main:o.a.z.Environment@98] - Server environment:os.version=5.4.0-169-generic
2024-01-18 02:13:22,746 [myid:1] - INFO  [main:o.a.z.Environment@98] - Server environment:user.name=?
2024-01-18 02:13:22,746 [myid:1] - INFO  [main:o.a.z.Environment@98] - Server environment:user.home=?
2024-01-18 02:13:22,746 [myid:1] - INFO  [main:o.a.z.Environment@98] - Server environment:user.dir=/
2024-01-18 02:13:22,746 [myid:1] - INFO  [main:o.a.z.Environment@98] - Server environment:os.memory.free=951MB
2024-01-18 02:13:22,746 [myid:1] - INFO  [main:o.a.z.Environment@98] - Server environment:os.memory.max=989MB
2024-01-18 02:13:22,746 [myid:1] - INFO  [main:o.a.z.Environment@98] - Server environment:os.memory.total=989MB
2024-01-18 02:13:22,746 [myid:1] - INFO  [main:o.a.z.s.ZooKeeperServer@140] - zookeeper.enableEagerACLCheck = false
2024-01-18 02:13:22,746 [myid:1] - INFO  [main:o.a.z.s.ZooKeeperServer@153] - zookeeper.digest.enabled = true
2024-01-18 02:13:22,746 [myid:1] - INFO  [main:o.a.z.s.ZooKeeperServer@157] - zookeeper.closeSessionTxn.enabled = true
2024-01-18 02:13:22,746 [myid:1] - INFO  [main:o.a.z.s.ZooKeeperServer@1496] - zookeeper.flushDelay = 0 ms
2024-01-18 02:13:22,746 [myid:1] - INFO  [main:o.a.z.s.ZooKeeperServer@1505] - zookeeper.maxWriteQueuePollTime = 0 ms
2024-01-18 02:13:22,747 [myid:1] - INFO  [main:o.a.z.s.ZooKeeperServer@1514] - zookeeper.maxBatchSize=1000
2024-01-18 02:13:22,747 [myid:1] - INFO  [main:o.a.z.s.ZooKeeperServer@264] - zookeeper.intBufferStartingSizeBytes = 1024
2024-01-18 02:13:22,747 [myid:1] - INFO  [main:o.a.z.s.BlueThrottle@141] - Weighed connection throttling is disabled
2024-01-18 02:13:22,748 [myid:1] - INFO  [main:o.a.z.s.ZooKeeperServer@1297] - minSessionTimeout set to 4000 ms
2024-01-18 02:13:22,748 [myid:1] - INFO  [main:o.a.z.s.ZooKeeperServer@1306] - maxSessionTimeout set to 40000 ms
2024-01-18 02:13:22,749 [myid:1] - INFO  [main:o.a.z.s.ResponseCache@45] - getData response cache size is initialized with value 400.
2024-01-18 02:13:22,749 [myid:1] - INFO  [main:o.a.z.s.ResponseCache@45] - getChildren response cache size is initialized with value 400.
2024-01-18 02:13:22,750 [myid:1] - INFO  [main:o.a.z.s.u.RequestPathMetricsCollector@109] - zookeeper.pathStats.slotCapacity = 60
2024-01-18 02:13:22,750 [myid:1] - INFO  [main:o.a.z.s.u.RequestPathMetricsCollector@110] - zookeeper.pathStats.slotDuration = 15
2024-01-18 02:13:22,750 [myid:1] - INFO  [main:o.a.z.s.u.RequestPathMetricsCollector@111] - zookeeper.pathStats.maxDepth = 6
2024-01-18 02:13:22,750 [myid:1] - INFO  [main:o.a.z.s.u.RequestPathMetricsCollector@112] - zookeeper.pathStats.initialDelay = 5
2024-01-18 02:13:22,750 [myid:1] - INFO  [main:o.a.z.s.u.RequestPathMetricsCollector@113] - zookeeper.pathStats.delay = 5
2024-01-18 02:13:22,750 [myid:1] - INFO  [main:o.a.z.s.u.RequestPathMetricsCollector@114] - zookeeper.pathStats.enabled = false
2024-01-18 02:13:22,752 [myid:1] - INFO  [main:o.a.z.s.ZooKeeperServer@1533] - The max bytes for all large requests are set to 104857600
2024-01-18 02:13:22,752 [myid:1] - INFO  [main:o.a.z.s.ZooKeeperServer@1547] - The large request threshold is set to -1
2024-01-18 02:13:22,752 [myid:1] - INFO  [main:o.a.z.s.AuthenticationHelper@66] - zookeeper.enforce.auth.enabled = false
2024-01-18 02:13:22,752 [myid:1] - INFO  [main:o.a.z.s.AuthenticationHelper@67] - zookeeper.enforce.auth.schemes = []
2024-01-18 02:13:22,753 [myid:1] - INFO  [main:o.a.z.s.ZooKeeperServer@365] - Created server with tickTime 2000 ms minSessionTimeout 4000 ms maxSessionTimeout 40000 ms clientPortListenBacklog -1 datadir /bitnami/zookeeper/data/version-2 snapdir /bitnami/zookeeper/data/version-2
2024-01-18 02:13:22,769 [myid:1] - INFO  [main:o.e.j.u.l.Log@170] - Logging initialized @448ms to org.eclipse.jetty.util.log.Slf4jLog
2024-01-18 02:13:22,825 [myid:1] - WARN  [main:o.e.j.s.h.ContextHandler@1656] - o.e.j.s.ServletContextHandler@609db546{/,null,STOPPED} contextPath ends with /*
2024-01-18 02:13:22,825 [myid:1] - WARN  [main:o.e.j.s.h.ContextHandler@1667] - Empty contextPath
2024-01-18 02:13:22,839 [myid:1] - INFO  [main:o.e.j.s.Server@375] - jetty-9.4.43.v20210629; built: 2021-06-30T11:07:22.254Z; git: 526006ecfa3af7f1a27ef3a288e2bef7ea9dd7e8; jvm 11.0.15.1+2-LTS
2024-01-18 02:13:22,859 [myid:1] - INFO  [main:o.e.j.s.s.DefaultSessionIdManager@334] - DefaultSessionIdManager workerName=node0
2024-01-18 02:13:22,859 [myid:1] - INFO  [main:o.e.j.s.s.DefaultSessionIdManager@339] - No SessionScavenger set, using defaults
2024-01-18 02:13:22,860 [myid:1] - INFO  [main:o.e.j.s.s.HouseKeeper@132] - node0 Scavenging every 660000ms
2024-01-18 02:13:22,863 [myid:1] - WARN  [main:o.e.j.s.ConstraintSecurityHandler@759] - ServletContext@o.e.j.s.ServletContextHandler@609db546{/,null,STARTING} has uncovered http methods for path: /*
2024-01-18 02:13:22,869 [myid:1] - INFO  [main:o.e.j.s.h.ContextHandler@915] - Started o.e.j.s.ServletContextHandler@609db546{/,null,AVAILABLE}
2024-01-18 02:13:22,878 [myid:1] - INFO  [main:o.e.j.s.AbstractConnector@331] - Started ServerConnector@68f1b17f{HTTP/1.1, (http/1.1)}{0.0.0.0:8080}
2024-01-18 02:13:22,879 [myid:1] - INFO  [main:o.e.j.s.Server@415] - Started @557ms
2024-01-18 02:13:22,879 [myid:1] - INFO  [main:o.a.z.s.a.JettyAdminServer@196] - Started AdminServer on address 0.0.0.0, port 8080 and command URL /commands
2024-01-18 02:13:22,882 [myid:1] - INFO  [main:o.a.z.s.ServerCnxnFactory@169] - Using org.apache.zookeeper.server.NIOServerCnxnFactory as server connection factory
2024-01-18 02:13:22,883 [myid:1] - WARN  [main:o.a.z.s.ServerCnxnFactory@309] - maxCnxns is not configured, using default value 0.
2024-01-18 02:13:22,884 [myid:1] - INFO  [main:o.a.z.s.NIOServerCnxnFactory@652] - Configuring NIO connection handler with 10s sessionless connection timeout, 1 selector thread(s), 2 worker threads, and 64 kB direct buffers.
2024-01-18 02:13:22,885 [myid:1] - INFO  [main:o.a.z.s.NIOServerCnxnFactory@660] - binding to port 0.0.0.0/0.0.0.0:2181
2024-01-18 02:13:22,895 [myid:1] - INFO  [main:o.a.z.s.w.WatchManagerFactory@42] - Using org.apache.zookeeper.server.watch.WatchManager as watch manager
2024-01-18 02:13:22,895 [myid:1] - INFO  [main:o.a.z.s.w.WatchManagerFactory@42] - Using org.apache.zookeeper.server.watch.WatchManager as watch manager
2024-01-18 02:13:22,896 [myid:1] - INFO  [main:o.a.z.s.ZKDatabase@132] - zookeeper.snapshotSizeFactor = 0.33
2024-01-18 02:13:22,896 [myid:1] - INFO  [main:o.a.z.s.ZKDatabase@152] - zookeeper.commitLogCount=500
2024-01-18 02:13:22,900 [myid:1] - INFO  [main:o.a.z.s.p.SnapStream@61] - zookeeper.snapshot.compression.method = CHECKED
2024-01-18 02:13:22,900 [myid:1] - INFO  [main:o.a.z.s.p.FileTxnSnapLog@479] - Snapshotting: 0x0 to /bitnami/zookeeper/data/version-2/snapshot.0
2024-01-18 02:13:22,902 [myid:1] - INFO  [main:o.a.z.s.ZKDatabase@289] - Snapshot loaded in 6 ms, highest zxid is 0x0, digest is 1371985504
2024-01-18 02:13:22,903 [myid:1] - INFO  [main:o.a.z.s.p.FileTxnSnapLog@479] - Snapshotting: 0x0 to /bitnami/zookeeper/data/version-2/snapshot.0
2024-01-18 02:13:22,903 [myid:1] - INFO  [main:o.a.z.s.ZooKeeperServer@547] - Snapshot taken in 0 ms
2024-01-18 02:13:22,909 [myid:] - INFO  [ProcessThread(sid:0 cport:2181)::o.a.z.s.PrepRequestProcessor@138] - PrepRequestProcessor (sid:0) started, reconfigEnabled=false
2024-01-18 02:13:22,909 [myid:1] - INFO  [main:o.a.z.s.RequestThrottler@75] - zookeeper.request_throttler.shutdownTimeout = 10000 ms
2024-01-18 02:13:22,920 [myid:1] - INFO  [main:o.a.z.s.ContainerManager@84] - Using checkIntervalMs=60000 maxPerMinute=10000 maxNeverUsedIntervalMs=0
2024-01-18 02:13:22,920 [myid:1] - INFO  [main:o.a.z.a.ZKAuditProvider@42] - ZooKeeper audit is disabled.
2024-01-18 02:13:23,407 [myid:] - INFO  [NIOWorkerThread-1:o.a.z.s.ZooKeeperServer@1426] - Refusing session request for client /10.42.0.247:41042 as it has seen zxid 0xaa our last zxid is 0x0 client must try another server
2024-01-18 02:13:25,088 [myid:] - INFO  [NIOWorkerThread-2:o.a.z.s.ZooKeeperServer@1426] - Refusing session request for client /10.42.0.247:41058 as it has seen zxid 0xaa our last zxid is 0x0 client must try another server
2024-01-18 02:13:26,213 [myid:] - INFO  [NIOWorkerThread-1:o.a.z.s.ZooKeeperServer@1426] - Refusing session request for client /10.42.0.247:41068 as it has seen zxid 0xaa our last zxid is 0x0 client must try another server
2024-01-18 02:13:27,340 [myid:] - INFO  [NIOWorkerThread-2:o.a.z.s.ZooKeeperServer@1426] - Refusing session request for client /10.42.0.247:41082 as it has seen zxid 0xaa our last zxid is 0x0 client must try another server
2024-01-18 02:13:29,316 [myid:] - INFO  [NIOWorkerThread-1:o.a.z.s.ZooKeeperServer@1426] - Refusing session request for client /10.42.0.247:41094 as it has seen zxid 0xaa our last zxid is 0x0 client must try another server
2024-01-18 02:13:31,162 [myid:] - INFO  [NIOWorkerThread-2:o.a.z.s.ZooKeeperServer@1426] - Refusing session request for client /10.42.0.247:45330 as it has seen zxid 0xaa our last zxid is 0x0 client must try another server
2024-01-18 02:13:32,271 [myid:] - INFO  [NIOWorkerThread-1:o.a.z.s.ZooKeeperServer@1426] - Refusing session request for client /10.42.0.247:45336 as it has seen zxid 0xaa our last zxid is 0x0 client must try another server
2024-01-18 02:13:33,626 [myid:] - INFO  [SyncThread:0:o.a.z.s.p.FileTxnLog@285] - Creating new log file: log.1
2024-01-18 02:13:34,266 [myid:] - INFO  [NIOWorkerThread-2:o.a.z.s.ZooKeeperServer@1426] - Refusing session request for client /10.42.0.247:45344 as it has seen zxid 0xaa our last zxid is 0x18 client must try another server
